2025-09-25 16:45:48,529 - INFO - æ•°æ®åº“è¡¨ç»“æ„åˆå§‹åŒ–å®Œæˆ
2025-09-25 16:45:48,530 - INFO - æ•°æ®åº“ä¼šè¯ç®¡ç†å™¨åˆå§‹åŒ–å®Œæˆ: /Users/mason/Desktop/code /mmp/sessions.db
2025-09-25 16:45:48,531 - INFO - ä¸šåŠ¡æ•°æ®è¡¨åˆå§‹åŒ–å®Œæˆ
==================================================
  MMPç‰©æ–™ä¸»æ•°æ®ç®¡ç†æ™ºèƒ½åº”ç”¨
==================================================
å¯åŠ¨ä¿¡æ¯:
- Pythonç‰ˆæœ¬: 3.8.10 (v3.8.10:3d8993a744, May  3 2021, 08:55:58) 
[Clang 6.0 (clang-600.0.57)]
- å·¥ä½œç›®å½•: /Users/mason/Desktop/code /mmp
- Flaskç‰ˆæœ¬: flask.app
- æœåŠ¡åœ°å€: http://localhost:5001
==================================================
 * Serving Flask app 'app.web_app'
 * Debug mode: off
2025-09-25 16:45:48,557 - INFO - [31m[1mWARNING: This is a development server. Do not use it in a production deployment. Use a production WSGI server instead.[0m
 * Running on all addresses (0.0.0.0)
 * Running on http://127.0.0.1:5001
 * Running on http://26.26.26.1:5001
2025-09-25 16:45:48,557 - INFO - [33mPress CTRL+C to quit[0m
